<?xml version="1.0" encoding="UTF-8"?>
<coverage generated="1610726703457" clover="3.2.0">
  <project timestamp="1610726703457" name="All files">
    <metrics statements="17" coveredstatements="16" conditionals="2" coveredconditionals="1" methods="7" coveredmethods="7" elements="26" coveredelements="24" complexity="0" loc="17" ncloc="17" packages="1" files="1" classes="1"/>
    <file name="hipsterCoffee.js" path="/Users/symionedwards/Projects/Tech_tests/TillTechTest/src/hipsterCoffee.js">
      <metrics statements="17" coveredstatements="16" conditionals="2" coveredconditionals="1" methods="7" coveredmethods="7"/>
      <line num="3" count="1" type="stmt"/>
      <line num="30" count="1" type="stmt"/>
      <line num="31" count="1" type="stmt"/>
      <line num="32" count="1" type="stmt"/>
      <line num="36" count="1" type="stmt"/>
      <line num="40" count="2" type="stmt"/>
      <line num="44" count="3" type="cond" truecount="1" falsecount="1"/>
      <line num="45" count="0" type="stmt"/>
      <line num="47" count="3" type="stmt"/>
      <line num="48" count="3" type="stmt"/>
      <line num="53" count="1" type="stmt"/>
      <line num="54" count="1" type="stmt"/>
      <line num="55" count="3" type="stmt"/>
      <line num="57" count="1" type="stmt"/>
      <line num="61" count="3" type="stmt"/>
      <line num="65" count="3" type="stmt"/>
      <line num="72" count="1" type="stmt"/>
    </file>
  </project>
</coverage>
