{"/Users/symionedwards/Projects/Tech_tests/TillTechTest/src/hipsterCoffee.js": {"path":"/Users/symionedwards/Projects/Tech_tests/TillTechTest/src/hipsterCoffee.js","statementMap":{"0":{"start":{"line":3,"column":23},"end":{"line":26,"column":3}},"1":{"start":{"line":30,"column":4},"end":{"line":30,"column":22}},"2":{"start":{"line":31,"column":4},"end":{"line":31,"column":21}},"3":{"start":{"line":32,"column":4},"end":{"line":32,"column":23}},"4":{"start":{"line":36,"column":4},"end":{"line":36,"column":22}},"5":{"start":{"line":40,"column":4},"end":{"line":40,"column":23}},"6":{"start":{"line":44,"column":4},"end":{"line":49,"column":5}},"7":{"start":{"line":45,"column":6},"end":{"line":45,"column":42}},"8":{"start":{"line":47,"column":18},"end":{"line":47,"column":48}},"9":{"start":{"line":48,"column":6},"end":{"line":48,"column":100}},"10":{"start":{"line":53,"column":14},"end":{"line":53,"column":15}},"11":{"start":{"line":54,"column":4},"end":{"line":56,"column":5}},"12":{"start":{"line":54,"column":17},"end":{"line":54,"column":18}},"13":{"start":{"line":55,"column":6},"end":{"line":55,"column":51}},"14":{"start":{"line":57,"column":4},"end":{"line":57,"column":15}},"15":{"start":{"line":61,"column":4},"end":{"line":61,"column":28}},"16":{"start":{"line":65,"column":4},"end":{"line":65,"column":29}},"17":{"start":{"line":72,"column":0},"end":{"line":72,"column":23}}},"fnMap":{"0":{"name":"(anonymous_0)","decl":{"start":{"line":29,"column":2},"end":{"line":29,"column":3}},"loc":{"start":{"line":29,"column":20},"end":{"line":33,"column":3}},"line":29},"1":{"name":"(anonymous_1)","decl":{"start":{"line":35,"column":2},"end":{"line":35,"column":3}},"loc":{"start":{"line":35,"column":20},"end":{"line":37,"column":3}},"line":35},"2":{"name":"(anonymous_2)","decl":{"start":{"line":39,"column":2},"end":{"line":39,"column":3}},"loc":{"start":{"line":39,"column":13},"end":{"line":41,"column":3}},"line":39},"3":{"name":"(anonymous_3)","decl":{"start":{"line":43,"column":2},"end":{"line":43,"column":3}},"loc":{"start":{"line":43,"column":22},"end":{"line":50,"column":3}},"line":43},"4":{"name":"(anonymous_4)","decl":{"start":{"line":52,"column":2},"end":{"line":52,"column":3}},"loc":{"start":{"line":52,"column":15},"end":{"line":58,"column":3}},"line":52},"5":{"name":"(anonymous_5)","decl":{"start":{"line":60,"column":2},"end":{"line":60,"column":3}},"loc":{"start":{"line":60,"column":31},"end":{"line":62,"column":3}},"line":60},"6":{"name":"(anonymous_6)","decl":{"start":{"line":64,"column":2},"end":{"line":64,"column":3}},"loc":{"start":{"line":64,"column":14},"end":{"line":67,"column":3}},"line":64}},"branchMap":{"0":{"loc":{"start":{"line":44,"column":4},"end":{"line":49,"column":5}},"type":"if","locations":[{"start":{"line":44,"column":4},"end":{"line":49,"column":5}},{"start":{"line":44,"column":4},"end":{"line":49,"column":5}}],"line":44}},"s":{"0":1,"1":1,"2":1,"3":1,"4":1,"5":2,"6":3,"7":0,"8":3,"9":3,"10":1,"11":1,"12":1,"13":3,"14":1,"15":3,"16":3,"17":1},"f":{"0":1,"1":1,"2":2,"3":3,"4":1,"5":3,"6":3},"b":{"0":[0,3]},"_coverageSchema":"1a1c01bbd47fc00a2c39e90264f33305004495a9","hash":"d68c3bffa9e049ef511227435e157054db3d3fc5"}
}
