TN:
SF:src/hipsterCoffee.js
FN:29,(anonymous_0)
FN:35,(anonymous_1)
FN:39,(anonymous_2)
FN:43,(anonymous_3)
FN:52,(anonymous_4)
FN:60,(anonymous_5)
FN:64,(anonymous_6)
FNF:7
FNH:7
FNDA:1,(anonymous_0)
FNDA:1,(anonymous_1)
FNDA:2,(anonymous_2)
FNDA:3,(anonymous_3)
FNDA:1,(anonymous_4)
FNDA:3,(anonymous_5)
FNDA:3,(anonymous_6)
DA:3,1
DA:30,1
DA:31,1
DA:32,1
DA:36,1
DA:40,2
DA:44,3
DA:45,0
DA:47,3
DA:48,3
DA:53,1
DA:54,1
DA:55,3
DA:57,1
DA:61,3
DA:65,3
DA:72,1
LF:17
LH:16
BRDA:44,0,0,0
BRDA:44,0,1,3
BRF:2
BRH:1
end_of_record
