TN:
SF:src/order.js
FN:29,(anonymous_0)
FN:34,(anonymous_1)
FN:38,(anonymous_2)
FN:42,(anonymous_3)
FNF:4
FNH:4
FNDA:1,(anonymous_0)
FNDA:1,(anonymous_1)
FNDA:2,(anonymous_2)
FNDA:1,(anonymous_3)
DA:3,1
DA:30,1
DA:31,1
DA:35,1
DA:39,2
DA:43,1
DA:44,0
DA:46,1
DA:47,1
DA:53,1
LF:10
LH:9
BRDA:43,0,0,0
BRDA:43,0,1,1
BRF:2
BRH:1
end_of_record
TN:
SF:src/till.js
FN:4,(anonymous_0)
FN:8,(anonymous_1)
FN:12,(anonymous_2)
FN:20,(anonymous_3)
FN:27,(anonymous_4)
FN:35,(anonymous_5)
FNF:6
FNH:6
FNDA:1,(anonymous_0)
FNDA:1,(anonymous_1)
FNDA:3,(anonymous_2)
FNDA:1,(anonymous_3)
FNDA:3,(anonymous_4)
FNDA:2,(anonymous_5)
DA:5,1
DA:6,1
DA:9,1
DA:13,3
DA:14,3
DA:15,6
DA:17,3
DA:21,1
DA:22,1
DA:23,1
DA:24,1
DA:28,3
DA:29,6
DA:30,6
DA:31,6
DA:36,2
DA:43,1
LF:17
LH:17
BRDA:4,0,0,0
BRF:1
BRH:0
end_of_record
